<?xml version="1.0" encoding="UTF-8"?>
<!-- Generated by org.testng.reporters.JUnitReportReporter -->
<testsuite ignored="0" hostname="Sneharika" failures="0" tests="2" name="amazonTestCases.TestCases" time="112.168" errors="0" timestamp="13 Mar 2023 02:01:27 GMT" skipped="0">
  <testcase classname="amazonTestCases.TestCases" name="Validate_Emailid_or_MobileNumber_prompt_When_Clicking_on_Buy_Now" time="63.464"/>
  <testcase classname="amazonTestCases.TestCases" name="Validate_Emailid_or_MobileNumber_prompt_When_Clicking_on_Buy_Now" time="48.704"/>
</testsuite> <!-- amazonTestCases.TestCases -->
