<?xml version="1.0" encoding="UTF-8"?>
<!-- Generated by org.testng.reporters.JUnitReportReporter -->
<testsuite name="amazonTestCases.TestCases" tests="2" time="60.900" ignored="0" failures="0" timestamp="12 Mar 2023 18:51:49 GMT" skipped="0" hostname="DESKTOP-KHUUFF7" errors="0">
  <testcase name="Validate_Emailid_or_MobileNumber_prompt_When_Clicking_on_Buy_Now" time="27.978" classname="amazonTestCases.TestCases"/>
  <testcase name="Validate_Emailid_or_MobileNumber_prompt_When_Clicking_on_Buy_Now" time="32.922" classname="amazonTestCases.TestCases"/>
</testsuite> <!-- amazonTestCases.TestCases -->
